This is pdfTeX, Version 3.1415926-2.5-1.40.14 (TeX Live 2013) (format=pdflatex 2017.8.22)  15 MAY 2018 13:52
entering extended mode
 restricted \write18 enabled.
 %&-line parsing enabled.
**insdc-20180515.tex
(./insdc-20180515.tex
LaTeX2e <2011/06/27>
Babel <v3.8m> and hyphenation patterns for english, dumylang, nohyphenation, lo
aded.
(/usr/share/texlive/texmf-dist/tex/latex/base/slides.cls
Document Class: slides 1997/08/15 v2.3z Standard LaTeX document class
(/usr/share/texlive/texmf-dist/tex/latex/base/slides.def
File: slides.def 1997/08/15 v2.3z SLiTeX definitions
 hacks, slides,
\c@page=\count79

picture, mods,
\@smashboxa=\box26
\@smashboxb=\box27
\@smashboxc=\box28
 output, init)
(/usr/share/texlive/texmf-dist/tex/latex/base/sfonts.def
File: sfonts.def 1998/06/12 v2.2e Standard LaTeX slide font definitions

(/usr/share/texlive/texmf-dist/tex/latex/base/ot1lcmss.fd
File: ot1lcmss.fd 1998/06/12 v2.2e Standard LaTeX slide font definitions
))
\c@minutes=\count80
\c@seconds=\count81
\c@mv@invisible=\count82
LaTeX Font Info:    Overwriting symbol font `operators' in version `normal'
(Font)                  OT1/cmr/m/n --> OT1/lcmss/m/n on input line 369.
LaTeX Font Info:    Overwriting symbol font `letters' in version `normal'
(Font)                  OML/cmm/m/it --> OML/lcmm/m/it on input line 372.
LaTeX Font Info:    Overwriting symbol font `symbols' in version `normal'
(Font)                  OMS/cmsy/m/n --> OMS/lcmsy/m/n on input line 374.
LaTeX Font Info:    Overwriting symbol font `largesymbols' in version `normal'
(Font)                  OMX/cmex/m/n --> OMX/lcmex/m/n on input line 376.
LaTeX Font Info:    Overwriting symbol font `operators' in version `invisible'
(Font)                  OT1/cmr/m/n --> OT1/lcmss/m/In on input line 379.
LaTeX Font Info:    Overwriting symbol font `letters' in version `invisible'
(Font)                  OML/cmm/m/it --> OML/lcmm/m/Iit on input line 381.
LaTeX Font Info:    Overwriting symbol font `symbols' in version `invisible'
(Font)                  OMS/cmsy/m/n --> OMS/lcmsy/m/In on input line 383.
LaTeX Font Info:    Overwriting symbol font `largesymbols' in version `invisibl
e'
(Font)                  OMX/cmex/m/n --> OMX/lcmex/m/In on input line 385.
)
(/usr/share/texlive/texmf-dist/tex/latex/geometry/geometry.sty
Package: geometry 2010/09/12 v5.6 Page Geometry

(/usr/share/texlive/texmf-dist/tex/latex/graphics/keyval.sty
Package: keyval 1999/03/16 v1.13 key=value parser (DPC)
\KV@toks@=\toks14
)
(/usr/share/texlive/texmf-dist/tex/generic/oberdiek/ifpdf.sty
Package: ifpdf 2011/01/30 v2.3 Provides the ifpdf switch (HO)
Package ifpdf Info: pdfTeX in PDF mode is detected.
)
(/usr/share/texlive/texmf-dist/tex/generic/oberdiek/ifvtex.sty
Package: ifvtex 2010/03/01 v1.5 Detect VTeX and its facilities (HO)
Package ifvtex Info: VTeX not detected.
)
(/usr/share/texlive/texmf-dist/tex/generic/ifxetex/ifxetex.sty
Package: ifxetex 2010/09/12 v0.6 Provides ifxetex conditional
)
\Gm@cnth=\count83
\Gm@cntv=\count84
\c@Gm@tempcnt=\count85
\Gm@bindingoffset=\dimen102
\Gm@wd@mp=\dimen103
\Gm@odd@mp=\dimen104
\Gm@even@mp=\dimen105
\Gm@layoutwidth=\dimen106
\Gm@layoutheight=\dimen107
\Gm@layouthoffset=\dimen108
\Gm@layoutvoffset=\dimen109
\Gm@dimlist=\toks15
)
(/usr/share/texlive/texmf-dist/tex/latex/graphics/graphicx.sty
Package: graphicx 1999/02/16 v1.0f Enhanced LaTeX Graphics (DPC,SPQR)

(/usr/share/texlive/texmf-dist/tex/latex/graphics/graphics.sty
Package: graphics 2009/02/05 v1.0o Standard LaTeX Graphics (DPC,SPQR)

(/usr/share/texlive/texmf-dist/tex/latex/graphics/trig.sty
Package: trig 1999/03/16 v1.09 sin cos tan (DPC)
)
(/usr/share/texlive/texmf-dist/tex/latex/latexconfig/graphics.cfg
File: graphics.cfg 2010/04/23 v1.9 graphics configuration of TeX Live
)
Package graphics Info: Driver file: pdftex.def on input line 91.

(/usr/share/texlive/texmf-dist/tex/latex/pdftex-def/pdftex.def
File: pdftex.def 2011/05/27 v0.06d Graphics/color for pdfTeX

(/usr/share/texlive/texmf-dist/tex/generic/oberdiek/infwarerr.sty
Package: infwarerr 2010/04/08 v1.3 Providing info/warning/error messages (HO)
)
(/usr/share/texlive/texmf-dist/tex/generic/oberdiek/ltxcmds.sty
Package: ltxcmds 2011/11/09 v1.22 LaTeX kernel commands for general use (HO)
)
\Gread@gobject=\count86
))
\Gin@req@height=\dimen110
\Gin@req@width=\dimen111
)
(/usr/share/texlive/texmf-dist/tex/latex/graphics/color.sty
Package: color 2005/11/14 v1.0j Standard LaTeX Color (DPC)

(/usr/share/texlive/texmf-dist/tex/latex/latexconfig/color.cfg
File: color.cfg 2007/01/18 v1.5 color configuration of teTeX/TeXLive
)
Package color Info: Driver file: pdftex.def on input line 130.
)
(/usr/share/texlive/texmf-dist/tex/latex/tools/verbatim.sty
Package: verbatim 2003/08/22 v1.5q LaTeX2e package for verbatim enhancements
\every@verbatim=\toks16
\verbatim@line=\toks17
\verbatim@in@stream=\read1
) (./nopageno.sty
Package: nopageno 1989/01/01 no page numbers (DPC)
)
(/usr/share/texlive/texmf-dist/tex/latex/setspace/setspace.sty
Package: setspace 2011/12/19 v6.7a set line spacing
)
(./insdc-20180515.aux)
\openout1 = `insdc-20180515.aux'.

LaTeX Font Info:    Checking defaults for OML/cmm/m/it on input line 22.
LaTeX Font Info:    ... okay on input line 22.
LaTeX Font Info:    Checking defaults for T1/cmr/m/n on input line 22.
LaTeX Font Info:    ... okay on input line 22.
LaTeX Font Info:    Checking defaults for OT1/lcmss/m/n on input line 22.
LaTeX Font Info:    ... okay on input line 22.
LaTeX Font Info:    Checking defaults for OMS/cmsy/m/n on input line 22.
LaTeX Font Info:    ... okay on input line 22.
LaTeX Font Info:    Checking defaults for OMX/cmex/m/n on input line 22.
LaTeX Font Info:    ... okay on input line 22.
LaTeX Font Info:    Checking defaults for U/cmr/m/n on input line 22.
LaTeX Font Info:    ... okay on input line 22.

*geometry* driver: auto-detecting
*geometry* detected driver: pdftex
*geometry* verbose mode - [ preamble ] result:
* driver: pdftex
* paper: <default>
* layout: <same size as paper>
* layoutoffset:(h,v)=(0.0pt,0.0pt)
* modes: landscape 
* h-part:(L,W,R)=(5.69046pt, 783.58907pt, 5.69046pt)
* v-part:(T,H,B)=(5.69046pt, 602.91408pt, 5.69046pt)
* \paperwidth=794.96999pt
* \paperheight=614.295pt
* \textwidth=783.58907pt
* \textheight=602.91408pt
* \oddsidemargin=-66.57953pt
* \evensidemargin=-66.57953pt
* \topmargin=-66.57953pt
* \headheight=0.0pt
* \headsep=0.0pt
* \topskip=30.0pt
* \footskip=0.0pt
* \marginparwidth=58.0312pt
* \marginparsep=5.0pt
* \columnsep=10.0pt
* \skip\footins=10.0pt plus 2.0pt minus 4.0pt
* \hoffset=0.0pt
* \voffset=0.0pt
* \mag=1000
* \@twocolumnfalse
* \@twosidefalse
* \@mparswitchfalse
* \@reversemarginfalse
* (1in=72.27pt=25.4mm, 1cm=28.453pt)

(/usr/share/texlive/texmf-dist/tex/context/base/supp-pdf.mkii
[Loading MPS to PDF converter (version 2006.09.02).]
\scratchcounter=\count87
\scratchdimen=\dimen112
\scratchbox=\box29
\nofMPsegments=\count88
\nofMParguments=\count89
\everyMPshowfont=\toks18
\MPscratchCnt=\count90
\MPscratchDim=\dimen113
\MPnumerator=\count91
\makeMPintoPDFobject=\count92
\everyMPtoPDFconversion=\toks19
) (/usr/share/texlive/texmf-dist/tex/generic/oberdiek/pdftexcmds.sty
Package: pdftexcmds 2011/11/29 v0.20 Utility functions of pdfTeX for LuaTeX (HO
)

(/usr/share/texlive/texmf-dist/tex/generic/oberdiek/ifluatex.sty
Package: ifluatex 2010/03/01 v1.3 Provides the ifluatex switch (HO)
Package ifluatex Info: LuaTeX not detected.
)
Package pdftexcmds Info: LuaTeX not detected.
Package pdftexcmds Info: \pdf@primitive is available.
Package pdftexcmds Info: \pdf@ifprimitive is available.
Package pdftexcmds Info: \pdfdraftmode found.
)
(/usr/share/texlive/texmf-dist/tex/latex/oberdiek/epstopdf-base.sty
Package: epstopdf-base 2010/02/09 v2.5 Base part for package epstopdf

(/usr/share/texlive/texmf-dist/tex/latex/oberdiek/grfext.sty
Package: grfext 2010/08/19 v1.1 Manage graphics extensions (HO)

(/usr/share/texlive/texmf-dist/tex/generic/oberdiek/kvdefinekeys.sty
Package: kvdefinekeys 2011/04/07 v1.3 Define keys (HO)
))
(/usr/share/texlive/texmf-dist/tex/latex/oberdiek/kvoptions.sty
Package: kvoptions 2011/06/30 v3.11 Key value format for package options (HO)

(/usr/share/texlive/texmf-dist/tex/generic/oberdiek/kvsetkeys.sty
Package: kvsetkeys 2012/04/25 v1.16 Key value parser (HO)

(/usr/share/texlive/texmf-dist/tex/generic/oberdiek/etexcmds.sty
Package: etexcmds 2011/02/16 v1.5 Avoid name clashes with e-TeX commands (HO)
Package etexcmds Info: Could not find \expanded.
(etexcmds)             That can mean that you are not using pdfTeX 1.50 or
(etexcmds)             that some package has redefined \expanded.
(etexcmds)             In the latter case, load this package earlier.
)))
Package grfext Info: Graphics extension search list:
(grfext)             [.png,.pdf,.jpg,.mps,.jpeg,.jbig2,.jb2,.PNG,.PDF,.JPG,.JPE
G,.JBIG2,.JB2,.eps]
(grfext)             \AppendGraphicsExtensions on input line 452.

(/usr/share/texlive/texmf-dist/tex/latex/latexconfig/epstopdf-sys.cfg
File: epstopdf-sys.cfg 2010/07/13 v1.3 Configuration of (r)epstopdf for TeX Liv
e
))
LaTeX Font Info:    Try loading font information for OML+lcmm on input line 44.


(/usr/share/texlive/texmf-dist/tex/latex/base/omllcmm.fd
File: omllcmm.fd 1998/06/12 v2.2e Standard LaTeX slide font definitions
)
LaTeX Font Info:    Try loading font information for OMS+lcmsy on input line 44
.

(/usr/share/texlive/texmf-dist/tex/latex/base/omslcmsy.fd
File: omslcmsy.fd 1998/06/12 v2.2e Standard LaTeX slide font definitions
)
LaTeX Font Info:    Try loading font information for OMX+lcmex on input line 44
.

(/usr/share/texlive/texmf-dist/tex/latex/base/omxlcmex.fd
File: omxlcmex.fd 1998/06/12 v2.2e Standard LaTeX slide font definitions
)
LaTeX Font Info:    External font `cmex10 at17.28pt' loaded for size
(Font)              <16.59> on input line 44.
LaTeX Font Info:    External font `cmex10 at17.28pt' loaded for size
(Font)              <12> on input line 44.
LaTeX Font Info:    External font `cmex10 at17.28pt' loaded for size
(Font)              <7> on input line 44.

<figs/ncbi-logo.png, id=1, 321.2pt x 158.5925pt>
File: figs/ncbi-logo.png Graphic file (type png)
 <use figs/ncbi-logo.png>
Package pdftex.def Info: figs/ncbi-logo.png used on input line 54.
(pdftex.def)             Requested size: 180.67499pt x 89.21046pt.

[1

{/usr/share/texlive/texmf/fonts/map/pdftex/updmap/pdftex.map} <./figs/ncbi-logo
.png>]
LaTeX Font Info:    External font `cmex10 at17.28pt' loaded for size
(Font)              <19.907> on input line 62.
LaTeX Font Info:    External font `cmex10 at17.28pt' loaded for size
(Font)              <13.82> on input line 62.


LaTeX Font Warning: Font shape `OT1/lcmss/m/n' in size <6> not available
(Font)              size <7> substituted on input line 62.


LaTeX Font Warning: Font shape `OML/lcmm/m/it' in size <6> not available
(Font)              size <7> substituted on input line 62.


LaTeX Font Warning: Font shape `OMS/lcmsy/m/n' in size <6> not available
(Font)              size <7> substituted on input line 62.

LaTeX Font Info:    External font `cmex10 at17.28pt' loaded for size
(Font)              <8> on input line 62.
LaTeX Font Info:    External font `cmex10 at17.28pt' loaded for size
(Font)              <6> on input line 62.
LaTeX Font Info:    External font `cmex10 at17.28pt' loaded for size
(Font)              <10> on input line 65.

LaTeX Font Warning: Font shape `OT1/lcmss/m/n' in size <5> not available
(Font)              size <7> substituted on input line 71.


LaTeX Font Warning: Font shape `OML/lcmm/m/it' in size <5> not available
(Font)              size <7> substituted on input line 71.


LaTeX Font Warning: Font shape `OMS/lcmsy/m/n' in size <5> not available
(Font)              size <7> substituted on input line 71.

LaTeX Font Info:    External font `cmex10 at17.28pt' loaded for size
(Font)              <5> on input line 71.
[2] <figs/viv-page1.png, id=14, 1194.4625pt x 1031.855pt>
File: figs/viv-page1.png Graphic file (type png)

<use figs/viv-page1.png>
Package pdftex.def Info: figs/viv-page1.png used on input line 127.
(pdftex.def)             Requested size: 433.62pt x 374.58499pt.
 [3 <./figs/viv-page1.png>] [4] [5] [6]
<figs/annotation-schematic-msv-1.pdf, id=29, 633.17351pt x 514.54832pt>
File: figs/annotation-schematic-msv-1.pdf Graphic file (type pdf)

<use figs/annotation-schematic-msv-1.pdf>
Package pdftex.def Info: figs/annotation-schematic-msv-1.pdf used on input line
 248.
(pdftex.def)             Requested size: 722.7pt x 587.34491pt.
 [7 <./figs/annotation-schematic-msv-1.pdf>] <figs/annotation-schematic-msv-2.p
df, id=78, 633.17351pt x 514.54832pt>
File: figs/annotation-schematic-msv-2.pdf Graphic file (type pdf)

<use figs/annotation-schematic-msv-2.pdf>
Package pdftex.def Info: figs/annotation-schematic-msv-2.pdf used on input line
 255.
(pdftex.def)             Requested size: 722.7pt x 587.34491pt.
 [8 <./figs/annotation-schematic-msv-2.pdf>]
<figs/annotation-schematic-msv-3.pdf, id=123, 633.17351pt x 514.54832pt>
File: figs/annotation-schematic-msv-3.pdf Graphic file (type pdf)

<use figs/annotation-schematic-msv-3.pdf>
Package pdftex.def Info: figs/annotation-schematic-msv-3.pdf used on input line
 262.
(pdftex.def)             Requested size: 722.7pt x 587.34491pt.
 [9 <./figs/annotation-schematic-msv-3.pdf>]
<figs/annotation-schematic-msv-4.pdf, id=169, 633.17351pt x 514.54832pt>
File: figs/annotation-schematic-msv-4.pdf Graphic file (type pdf)

<use figs/annotation-schematic-msv-4.pdf>
Package pdftex.def Info: figs/annotation-schematic-msv-4.pdf used on input line
 269.
(pdftex.def)             Requested size: 722.7pt x 587.34491pt.
 [10 <./figs/annotation-schematic-msv-4.pdf>]
<figs/annotation-schematic-dengue-1.pdf, id=211, 633.17351pt x 536.34877pt>
File: figs/annotation-schematic-dengue-1.pdf Graphic file (type pdf)

<use figs/annotation-schematic-dengue-1.pdf>
Package pdftex.def Info: figs/annotation-schematic-dengue-1.pdf used on input l
ine 276.
(pdftex.def)             Requested size: 722.7pt x 612.22961pt.

Overfull \vbox (9.31554pt too high) has occurred while \output is active []


[11 <./figs/annotation-schematic-dengue-1.pdf>]
<figs/annotation-schematic-dengue-2.pdf, id=250, 633.17351pt x 536.34877pt>
File: figs/annotation-schematic-dengue-2.pdf Graphic file (type pdf)

<use figs/annotation-schematic-dengue-2.pdf>
Package pdftex.def Info: figs/annotation-schematic-dengue-2.pdf used on input l
ine 283.
(pdftex.def)             Requested size: 722.7pt x 612.22961pt.

Overfull \vbox (9.31554pt too high) has occurred while \output is active []


[12 <./figs/annotation-schematic-dengue-2.pdf>]
<figs/annotation-schematic-dengue-3.pdf, id=286, 633.17351pt x 536.34877pt>
File: figs/annotation-schematic-dengue-3.pdf Graphic file (type pdf)

<use figs/annotation-schematic-dengue-3.pdf>
Package pdftex.def Info: figs/annotation-schematic-dengue-3.pdf used on input l
ine 290.
(pdftex.def)             Requested size: 722.7pt x 612.22961pt.

Overfull \vbox (9.31554pt too high) has occurred while \output is active []


[13 <./figs/annotation-schematic-dengue-3.pdf>]
<figs/annotation-schematic-dengue-4-with-output.pdf, id=324, 633.17351pt x 536.
34877pt>
File: figs/annotation-schematic-dengue-4-with-output.pdf Graphic file (type pdf
)
 <use figs/annotation-schematic-dengue-4-with-output.pdf>
Package pdftex.def Info: figs/annotation-schematic-dengue-4-with-output.pdf use
d on input line 297.
(pdftex.def)             Requested size: 722.7pt x 612.22961pt.

Overfull \vbox (9.31554pt too high) has occurred while \output is active []


[14 <./figs/annotation-schematic-dengue-4-with-output.pdf>] [15]
<figs/errornew-1-trc.pdf, id=360, 825.16177pt x 429.85796pt>
File: figs/errornew-1-trc.pdf Graphic file (type pdf)

<use figs/errornew-1-trc.pdf>
Package pdftex.def Info: figs/errornew-1-trc.pdf used on input line 331.
(pdftex.def)             Requested size: 722.7pt x 376.49208pt.
 [16 <./figs/errornew-1-trc.pdf>]
<figs/errornew-2-ext.pdf, id=1074, 825.16177pt x 429.85796pt>
File: figs/errornew-2-ext.pdf Graphic file (type pdf)

<use figs/errornew-2-ext.pdf>
Package pdftex.def Info: figs/errornew-2-ext.pdf used on input line 341.
(pdftex.def)             Requested size: 722.7pt x 376.49208pt.
 [17 <./figs/errornew-2-ext.pdf>]
<figs/errornew-3-olp.pdf, id=1788, 825.16177pt x 429.85796pt>
File: figs/errornew-3-olp.pdf Graphic file (type pdf)

<use figs/errornew-3-olp.pdf>
Package pdftex.def Info: figs/errornew-3-olp.pdf used on input line 351.
(pdftex.def)             Requested size: 722.7pt x 376.49208pt.
 [18 <./figs/errornew-3-olp.pdf>]
<figs/noro-ftable-example.png, id=2518, 1011.78pt x 586.19pt>
File: figs/noro-ftable-example.png Graphic file (type png)

<use figs/noro-ftable-example.png>
Package pdftex.def Info: figs/noro-ftable-example.png used on input line 368.
(pdftex.def)             Requested size: 498.95686pt x 289.07999pt.
 [19 <./figs/noro-ftable-example.png>]
[20] [21] (./insdc-20180515.aux)

LaTeX Font Warning: Size substitutions with differences
(Font)              up to 2.0pt have occurred.

 ) 
Here is how much of TeX's memory you used:
 2235 strings out of 495063
 34787 string characters out of 3182201
 104232 words of memory out of 3000000
 5382 multiletter control sequences out of 15000+200000
 11791 words of font info for 41 fonts, out of 3000000 for 9000
 14 hyphenation exceptions out of 8191
 38i,14n,23p,324b,346s stack positions out of 5000i,500n,10000p,200000b,50000s
</usr/share/texlive/texmf-dist/fonts/type1/public/amsfonts/cm/cmsy8.pfb></usr
/share/texlive/texmf-dist/fonts/type1/public/amsfonts/latxfont/lcmss8.pfb></usr
/share/texlive/texmf-dist/fonts/type1/public/amsfonts/latxfont/lcmssb8.pfb>
Output written on insdc-20180515.pdf (21 pages, 13726261 bytes).
PDF statistics:
 2542 PDF objects out of 2984 (max. 8388607)
 1723 compressed objects within 18 object streams
 0 named destinations out of 1000 (max. 500000)
 71 words of extra memory for PDF output out of 10000 (max. 10000000)

